<?xml version="1.0" encoding="UTF-8"?>
<testsuite xmlns:xsi="http://www.w3.org/2001/XMLSchema-instance" xsi:noNamespaceSchemaLocation="https://maven.apache.org/surefire/maven-surefire-plugin/xsd/surefire-test-report-3.0.xsd" version="3.0" name="TestSuite" time="156.845" tests="8" errors="0" skipped="1" failures="1">
  <properties>
[...]
</properties>
  <testcase name="TCID1" classname="tests.LoginTest" time="12.717">
    <system-err><![CDATA[ERROR StatusLogger Log4j2 could not find a logging implementation. Please add log4j-core to the classpath. Using SimpleLogger to log to the console...
SLF4J: Failed to load class "org.slf4j.impl.StaticLoggerBinder".
SLF4J: Defaulting to no-operation (NOP) logger implementation
SLF4J: See http://www.slf4j.org/codes.html#StaticLoggerBinder for further details.
Jul 11, 2023 8:38:04 PM org.openqa.selenium.remote.DesiredCapabilities chrome
INFO: Using `new ChromeOptions()` is preferred to `DesiredCapabilities.chrome()`
Jul 11, 2023 8:38:04 PM org.openqa.selenium.remote.DesiredCapabilities chrome
INFO: Using `new ChromeOptions()` is preferred to `DesiredCapabilities.chrome()`
Jul 11, 2023 8:38:11 PM org.openqa.selenium.remote.ProtocolHandshake createSession
INFO: Detected dialect: OSS
Jul 11, 2023 8:38:11 PM org.openqa.selenium.remote.ProtocolHandshake createSession
INFO: Detected dialect: OSS
]]></system-err>
  </testcase>
  <testcase name="TCID2" classname="tests.LoginTest" time="0">
    <skipped message="unknown error: net::ERR_CONNECTION_TIMED_OUT&#10;  (Session info: chrome=114.0.5735.91)&#10;  (Driver info: chromedriver=114.0.5735.16 (7e1ff058633f5b79b1cd7479aca585ba385519d8-refs/branch-heads/5735@{#182}),platform=Windows NT 10.0.19043 x86_64) (WARNING: The server did not provide any stacktrace information)&#10;Command duration or timeout: 0 milliseconds&#10;Build info: version: &apos;3.141.59&apos;, revision: &apos;e82be7d358&apos;, time: &apos;2018-11-14T08:17:03&apos;&#10;System info: host: &apos;RKAGR55&apos;, ip: &apos;192.168.73.63&apos;, os.name: &apos;Windows 10&apos;, os.arch: &apos;amd64&apos;, os.version: &apos;10.0&apos;, java.version: &apos;11.0.11&apos;&#10;Driver info: org.openqa.selenium.remote.RemoteWebDriver&#10;Capabilities {acceptInsecureCerts: false, acceptSslCerts: false, browserConnectionEnabled: false, browserName: chrome, chrome: {chromedriverVersion: 114.0.5735.16 (7e1ff058633f..., userDataDir: C:\Program Files (x86)\scop...}, cssSelectorsEnabled: true, databaseEnabled: false, goog:chromeOptions: {debuggerAddress: localhost:49772}, handlesAlerts: true, hasMetadata: true, hasTouchScreen: false, javascriptEnabled: true, locationContextEnabled: true, mobileEmulationEnabled: false, nativeEvents: true, networkConnectionEnabled: false, pageLoadStrategy: normal, platform: WINDOWS, platformName: WINDOWS, proxy: Proxy(), rotatable: false, setWindowRect: true, strictFileInteractability: false, takesHeapSnapshot: true, takesScreenshot: true, timeouts: {implicit: 0, pageLoad: 300000, script: 30000}, unexpectedAlertBehaviour: ignore, unhandledPromptBehavior: ignore, version: 114.0.5735.91, webStorageEnabled: true, webauthn:extension:credBlob: true, webauthn:extension:largeBlob: true, webauthn:extension:minPinLength: true, webauthn:extension:prf: true, webauthn:virtualAuthenticators: true, webdriver.remote.sessionid: e0ad8fa2a6a64de58594dcf877f...}&#10;Session ID: e0ad8fa2a6a64de58594dcf877ff898b"/>
    <system-out><![CDATA[Going to retry test case: LoginTest.TCID2()[pri:0, instance:tests.LoginTest@6e01f9b0], 1 out of 1
]]></system-out>
  </testcase>
  <testcase name="TCID2" classname="tests.LoginTest" time="43.57">
    <failure message="unknown error: net::ERR_CONNECTION_TIMED_OUT&#10;  (Session info: chrome=114.0.5735.91)&#10;  (Driver info: chromedriver=114.0.5735.16 (7e1ff058633f5b79b1cd7479aca585ba385519d8-refs/branch-heads/5735@{#182}),platform=Windows NT 10.0.19043 x86_64) (WARNING: The server did not provide any stacktrace information)&#10;Command duration or timeout: 0 milliseconds&#10;Build info: version: &apos;3.141.59&apos;, revision: &apos;e82be7d358&apos;, time: &apos;2018-11-14T08:17:03&apos;&#10;System info: host: &apos;RKAGR55&apos;, ip: &apos;192.168.73.63&apos;, os.name: &apos;Windows 10&apos;, os.arch: &apos;amd64&apos;, os.version: &apos;10.0&apos;, java.version: &apos;11.0.11&apos;&#10;Driver info: org.openqa.selenium.remote.RemoteWebDriver&#10;Capabilities {acceptInsecureCerts: false, acceptSslCerts: false, browserConnectionEnabled: false, browserName: chrome, chrome: {chromedriverVersion: 114.0.5735.16 (7e1ff058633f..., userDataDir: C:\Program Files (x86)\scop...}, cssSelectorsEnabled: true, databaseEnabled: false, goog:chromeOptions: {debuggerAddress: localhost:49776}, handlesAlerts: true, hasMetadata: true, hasTouchScreen: false, javascriptEnabled: true, locationContextEnabled: true, mobileEmulationEnabled: false, nativeEvents: true, networkConnectionEnabled: false, pageLoadStrategy: normal, platform: WINDOWS, platformName: WINDOWS, proxy: Proxy(), rotatable: false, setWindowRect: true, strictFileInteractability: false, takesHeapSnapshot: true, takesScreenshot: true, timeouts: {implicit: 0, pageLoad: 300000, script: 30000}, unexpectedAlertBehaviour: ignore, unhandledPromptBehavior: ignore, version: 114.0.5735.91, webStorageEnabled: true, webauthn:extension:credBlob: true, webauthn:extension:largeBlob: true, webauthn:extension:minPinLength: true, webauthn:extension:prf: true, webauthn:virtualAuthenticators: true, webdriver.remote.sessionid: 6e161b16c8844f208e24a37627a...}&#10;Session ID: 6e161b16c8844f208e24a37627af6bb8" type="org.openqa.selenium.WebDriverException"><![CDATA[org.openqa.selenium.WebDriverException: 
unknown error: net::ERR_CONNECTION_TIMED_OUT
  (Session info: chrome=114.0.5735.91)
  (Driver info: chromedriver=114.0.5735.16 (7e1ff058633f5b79b1cd7479aca585ba385519d8-refs/branch-heads/5735@{#182}),platform=Windows NT 10.0.19043 x86_64) (WARNING: The server did not provide any stacktrace information)
Command duration or timeout: 0 milliseconds
Build info: version: '3.141.59', revision: 'e82be7d358', time: '2018-11-14T08:17:03'
System info: host: 'RKAGR55', ip: '192.168.73.63', os.name: 'Windows 10', os.arch: 'amd64', os.version: '10.0', java.version: '11.0.11'
Driver info: org.openqa.selenium.remote.RemoteWebDriver
Capabilities {acceptInsecureCerts: false, acceptSslCerts: false, browserConnectionEnabled: false, browserName: chrome, chrome: {chromedriverVersion: 114.0.5735.16 (7e1ff058633f..., userDataDir: C:\Program Files (x86)\scop...}, cssSelectorsEnabled: true, databaseEnabled: false, goog:chromeOptions: {debuggerAddress: localhost:49776}, handlesAlerts: true, hasMetadata: true, hasTouchScreen: false, javascriptEnabled: true, locationContextEnabled: true, mobileEmulationEnabled: false, nativeEvents: true, networkConnectionEnabled: false, pageLoadStrategy: normal, platform: WINDOWS, platformName: WINDOWS, proxy: Proxy(), rotatable: false, setWindowRect: true, strictFileInteractability: false, takesHeapSnapshot: true, takesScreenshot: true, timeouts: {implicit: 0, pageLoad: 300000, script: 30000}, unexpectedAlertBehaviour: ignore, unhandledPromptBehavior: ignore, version: 114.0.5735.91, webStorageEnabled: true, webauthn:extension:credBlob: true, webauthn:extension:largeBlob: true, webauthn:extension:minPinLength: true, webauthn:extension:prf: true, webauthn:virtualAuthenticators: true, webdriver.remote.sessionid: 6e161b16c8844f208e24a37627a...}
Session ID: 6e161b16c8844f208e24a37627af6bb8
	at tests.LoginTest.TCID2(LoginTest.java:33)
]]></failure>
    <system-err><![CDATA[Jul 11, 2023 8:38:56 PM org.openqa.selenium.remote.DesiredCapabilities chrome
INFO: Using `new ChromeOptions()` is preferred to `DesiredCapabilities.chrome()`
Jul 11, 2023 8:39:02 PM org.openqa.selenium.remote.ProtocolHandshake createSession
INFO: Detected dialect: OSS
]]></system-err>
  </testcase>
  <testcase name="TCID3" classname="tests.MyAccountTest" time="14.748">
    <system-out><![CDATA[4
]]></system-out>
    <system-err><![CDATA[Jul 11, 2023 8:39:47 PM org.openqa.selenium.remote.DesiredCapabilities chrome
INFO: Using `new ChromeOptions()` is preferred to `DesiredCapabilities.chrome()`
Jul 11, 2023 8:39:47 PM org.openqa.selenium.remote.DesiredCapabilities chrome
INFO: Using `new ChromeOptions()` is preferred to `DesiredCapabilities.chrome()`
Jul 11, 2023 8:39:54 PM org.openqa.selenium.remote.ProtocolHandshake createSession
INFO: Detected dialect: OSS
Jul 11, 2023 8:39:54 PM org.openqa.selenium.remote.ProtocolHandshake createSession
INFO: Detected dialect: OSS
]]></system-err>
  </testcase>
  <testcase name="TCID4" classname="tests.MyAccountTest" time="20.798">
    <system-out><![CDATA[Edit your account information
Change your password
Modify your address book entries
Modify your wish list
[Edit your account information, Change your password, Modify your address book entries, Modify your wish list]
]]></system-out>
  </testcase>
  <testcase name="TCID5" classname="tests.ResetPasswordTest" time="9.957">
    <system-err><![CDATA[Jul 11, 2023 8:40:17 PM org.openqa.selenium.remote.DesiredCapabilities chrome
INFO: Using `new ChromeOptions()` is preferred to `DesiredCapabilities.chrome()`
Jul 11, 2023 8:40:17 PM org.openqa.selenium.remote.DesiredCapabilities chrome
INFO: Using `new ChromeOptions()` is preferred to `DesiredCapabilities.chrome()`
Jul 11, 2023 8:40:17 PM org.openqa.selenium.remote.DesiredCapabilities chrome
INFO: Using `new ChromeOptions()` is preferred to `DesiredCapabilities.chrome()`
Jul 11, 2023 8:40:23 PM org.openqa.selenium.remote.ProtocolHandshake createSession
INFO: Detected dialect: OSS
Jul 11, 2023 8:40:23 PM org.openqa.selenium.remote.ProtocolHandshake createSession
INFO: Detected dialect: OSS
Jul 11, 2023 8:40:23 PM org.openqa.selenium.remote.ProtocolHandshake createSession
INFO: Detected dialect: OSS
]]></system-err>
  </testcase>
  <testcase name="TCID6" classname="tests.ResetPasswordTest" time="11.457"/>
  <testcase name="TCID7" classname="tests.ResetPasswordTest" time="15.056">
    <system-out><![CDATA[An email with a confirmation link has been sent your email address.
]]></system-out>
  </testcase>
</testsuite>